[2025-07-25 15:44:31] [INFO ] 日志系统初始化成功，日志文件: app.log，日志级别: INFO 
[2025-07-25 15:44:31] [INFO ] ===== 程序启动 =====
[2025-07-25 15:44:31] [INFO ] 测试矩阵功能
[2025-07-25 15:44:31] [INFO ] 矩阵 mat1:
[2025-07-25 15:44:31] [INFO ] 1.00 2.00 
[2025-07-25 15:44:31] [INFO ] 3.00 4.00 
[2025-07-25 15:44:31] [INFO ] 矩阵 mat2:
[2025-07-25 15:44:31] [INFO ] 5.00 6.00 
[2025-07-25 15:44:31] [INFO ] 7.00 8.00 
[2025-07-25 15:44:31] [INFO ] 矩阵加法结果:
[2025-07-25 15:44:31] [INFO ] 6.00 8.00 
[2025-07-25 15:44:31] [INFO ] 10.00 12.00 
[2025-07-25 15:44:31] [INFO ] 矩阵乘法结果:
[2025-07-25 15:44:31] [INFO ] 19.00 22.00 
[2025-07-25 15:44:31] [INFO ] 43.00 50.00 
[2025-07-25 15:44:31] [INFO ] 测试几何功能
[2025-07-25 15:44:31] [INFO ] 创建点 P1: (0.00, 0.00)
[2025-07-25 15:44:31] [INFO ] 创建点 P2: (3.00, 4.00)
[2025-07-25 15:44:31] [INFO ] 两点之间的距离: 5.00
[2025-07-25 15:44:31] [INFO ] 线段长度: 5.00
[2025-07-25 15:44:31] [INFO ] ===== 程序结束 =====
[2025-07-25 15:44:31] [INFO ] 日志系统关闭
[2025-07-25 15:47:41] [INFO ] 日志系统初始化成功，日志文件: app.log，日志级别: INFO 
[2025-07-25 15:47:41] [INFO ] ===== 程序启动 =====
[2025-07-25 15:47:41] [INFO ] 测试矩阵功能
[2025-07-25 15:47:41] [INFO ] 矩阵 mat1:
[2025-07-25 15:47:41] [INFO ] 1.00 2.00 
[2025-07-25 15:47:41] [INFO ] 3.00 4.00 
[2025-07-25 15:47:41] [INFO ] 矩阵 mat2:
[2025-07-25 15:47:41] [INFO ] 5.00 6.00 
[2025-07-25 15:47:41] [INFO ] 7.00 8.00 
[2025-07-25 15:47:41] [INFO ] 矩阵加法结果:
[2025-07-25 15:47:41] [INFO ] 6.00 8.00 
[2025-07-25 15:47:41] [INFO ] 10.00 12.00 
[2025-07-25 15:47:41] [INFO ] 矩阵乘法结果:
[2025-07-25 15:47:41] [INFO ] 19.00 22.00 
[2025-07-25 15:47:41] [INFO ] 43.00 50.00 
[2025-07-25 15:47:41] [INFO ] 测试几何功能
[2025-07-25 15:47:41] [INFO ] 创建点 P1: (0.00, 0.00)
[2025-07-25 15:47:41] [INFO ] 创建点 P2: (3.00, 4.00)
[2025-07-25 15:47:41] [INFO ] 两点之间的距离: 5.00
[2025-07-25 15:47:41] [INFO ] 线段长度: 5.00
[2025-07-25 15:47:41] [INFO ] ===== 程序结束 =====
[2025-07-25 15:47:41] [INFO ] 日志系统关闭
